2026-02-25 02:14:01,234 INFO app.server: Server starting on 0.0.0.0:8080 with 4 workers
2026-02-25 02:14:01,235 INFO app.database: Connection pool initialized: min=5, max=20, timeout=5s
2026-02-25 02:14:01,301 INFO app.server: [req-1740451441301] GET /health from 10.0.1.15
2026-02-25 02:14:01,315 INFO app.server: [req-1740451441301] Health check OK (0.014s)
2026-02-25 02:14:01,316 INFO app.server: [req-1740451441301] Response: 200
2026-02-25 02:14:01,402 INFO app.server: [req-1740451441402] GET /api/orders from 10.0.2.44
2026-02-25 02:14:01,418 INFO app.server: [req-1740451441402] Listed 5 orders (0.016s)
2026-02-25 02:14:01,419 INFO app.server: [req-1740451441402] Response: 200
2026-02-25 02:14:01,505 INFO app.server: [req-1740451441505] GET /api/orders/42 from 10.0.3.78
2026-02-25 02:14:01,519 INFO app.server: [req-1740451441505] Fetched order (0.014s)
2026-02-25 02:14:01,520 INFO app.server: [req-1740451441505] Response: 200
2026-02-25 02:14:01,607 INFO app.server: [req-1740451441607] POST /api/orders from 10.0.4.22
2026-02-25 02:14:01,621 INFO app.server: [req-1740451441607] Created order (0.014s)
2026-02-25 02:14:01,622 INFO app.server: [req-1740451441607] Response: 201
2026-02-25 02:14:01,710 INFO app.server: [req-1740451441710] GET /health from 10.0.5.91
2026-02-25 02:14:01,724 INFO app.server: [req-1740451441710] Health check OK (0.014s)
2026-02-25 02:14:01,725 INFO app.server: [req-1740451441710] Response: 200
2026-02-25 02:14:01,812 INFO app.server: [req-1740451441812] GET /api/orders from 10.0.6.33
2026-02-25 02:14:01,826 INFO app.server: [req-1740451441812] Listed 5 orders (0.014s)
2026-02-25 02:14:01,827 INFO app.server: [req-1740451441812] Response: 200
2026-02-25 02:14:01,915 INFO app.server: [req-1740451441915] POST /api/orders from 10.0.7.55
2026-02-25 02:14:01,929 INFO app.server: [req-1740451441915] Created order (0.014s)
2026-02-25 02:14:01,930 INFO app.server: [req-1740451441915] Response: 201
2026-02-25 02:14:02,018 INFO app.server: [req-1740451442018] GET /api/orders/15 from 10.0.8.101
2026-02-25 02:14:02,033 INFO app.server: [req-1740451442018] Fetched order (0.015s)
2026-02-25 02:14:02,034 INFO app.server: [req-1740451442018] Response: 200
2026-02-25 02:14:02,121 INFO app.server: [req-1740451442121] GET /health from 10.0.9.12
2026-02-25 02:14:02,136 INFO app.server: [req-1740451442121] Health check OK (0.015s)
2026-02-25 02:14:02,137 INFO app.server: [req-1740451442121] Response: 200
2026-02-25 02:14:02,224 INFO app.server: [req-1740451442224] GET /api/orders from 10.0.10.200
2026-02-25 02:14:02,239 INFO app.server: [req-1740451442224] Listed 5 orders (0.015s)
2026-02-25 02:14:02,240 INFO app.server: [req-1740451442224] Response: 200
2026-02-25 02:14:02,328 INFO app.server: [req-1740451442328] POST /api/orders from 10.0.11.47
2026-02-25 02:14:02,343 INFO app.server: [req-1740451442328] Created order (0.015s)
2026-02-25 02:14:02,344 INFO app.server: [req-1740451442328] Response: 201
2026-02-25 02:14:02,432 INFO app.server: [req-1740451442432] GET /api/orders/7 from 10.0.12.88
2026-02-25 02:14:02,447 INFO app.server: [req-1740451442432] Fetched order (0.015s)
2026-02-25 02:14:02,448 INFO app.server: [req-1740451442432] Response: 200
2026-02-25 02:14:02,536 INFO app.server: [req-1740451442536] GET /health from 10.0.13.155
2026-02-25 02:14:02,551 INFO app.server: [req-1740451442536] Health check OK (0.015s)
2026-02-25 02:14:02,552 INFO app.server: [req-1740451442536] Response: 200
2026-02-25 02:14:02,640 INFO app.server: [req-1740451442640] GET /api/orders from 10.0.14.63
2026-02-25 02:14:02,655 INFO app.server: [req-1740451442640] Listed 5 orders (0.015s)
2026-02-25 02:14:02,656 INFO app.server: [req-1740451442640] Response: 200
2026-02-25 02:14:02,744 INFO app.server: [req-1740451442744] GET /api/orders/99 from 10.0.15.210
2026-02-25 02:14:02,759 INFO app.server: [req-1740451442744] Fetched order (0.015s)
2026-02-25 02:14:02,760 INFO app.server: [req-1740451442744] Response: 200
2026-02-25 02:14:02,848 INFO app.server: [req-1740451442848] POST /api/orders from 10.0.16.31
2026-02-25 02:14:02,863 INFO app.server: [req-1740451442848] Created order (0.015s)
2026-02-25 02:14:02,864 INFO app.server: [req-1740451442848] Response: 201
2026-02-25 02:14:02,952 INFO app.server: [req-1740451442952] GET /health from 10.0.17.142
2026-02-25 02:14:02,967 INFO app.server: [req-1740451442952] Health check OK (0.015s)
2026-02-25 02:14:02,968 INFO app.server: [req-1740451442952] Response: 200
2026-02-25 02:14:03,056 INFO app.server: [req-1740451443056] GET /api/orders from 10.0.18.77
2026-02-25 02:14:03,071 INFO app.server: [req-1740451443056] Listed 5 orders (0.015s)
2026-02-25 02:14:03,072 INFO app.server: [req-1740451443056] Response: 200
2026-02-25 02:14:03,160 INFO app.server: [req-1740451443160] GET /api/orders/23 from 10.0.19.5
2026-02-25 02:14:03,175 INFO app.server: [req-1740451443160] Fetched order (0.015s)
2026-02-25 02:14:03,176 INFO app.server: [req-1740451443160] Response: 200
2026-02-25 02:14:03,264 INFO app.server: [req-1740451443264] POST /api/orders from 10.0.20.119
2026-02-25 02:14:03,279 INFO app.server: [req-1740451443264] Created order (0.015s)
2026-02-25 02:14:03,280 INFO app.server: [req-1740451443264] Response: 201
2026-02-25 02:14:03,368 WARNING app.database: Connection pool at capacity (20/20). Waiting up to 4.9s for available connection...
2026-02-25 02:14:03,369 INFO app.server: [req-1740451443368] GET /health from 10.0.21.66
2026-02-25 02:14:08,271 ERROR app.database: Connection pool exhausted! active=20/20, waited=5.00s, timeout=5s
2026-02-25 02:14:08,272 ERROR app.server: [req-1740451443368] Connection pool exhausted: Could not acquire connection within 5s. Pool: 20/20 connections in use.
2026-02-25 02:14:08,273 INFO app.server: [req-1740451443368] Response: 503
2026-02-25 02:14:08,361 WARNING app.database: Connection pool at capacity (20/20). Waiting up to 4.9s for available connection...
2026-02-25 02:14:08,362 INFO app.server: [req-1740451448361] GET /api/orders from 10.0.22.183
2026-02-25 02:14:13,264 ERROR app.database: Connection pool exhausted! active=20/20, waited=5.00s, timeout=5s
2026-02-25 02:14:13,265 ERROR app.server: [req-1740451448361] Connection pool exhausted: Could not acquire connection within 5s. Pool: 20/20 connections in use.
2026-02-25 02:14:13,266 INFO app.server: [req-1740451448361] Response: 503
2026-02-25 02:14:13,354 WARNING app.database: Connection pool at capacity (20/20). Waiting up to 4.9s for available connection...
2026-02-25 02:14:13,355 INFO app.server: [req-1740451453354] GET /api/orders/51 from 10.0.23.94
2026-02-25 02:14:18,258 ERROR app.database: Connection pool exhausted! active=20/20, waited=5.00s, timeout=5s
2026-02-25 02:14:18,259 ERROR app.server: [req-1740451453354] Connection pool exhausted: Could not acquire connection within 5s. Pool: 20/20 connections in use.
2026-02-25 02:14:18,260 INFO app.server: [req-1740451453354] Response: 503
2026-02-25 02:14:18,348 WARNING app.database: Connection pool at capacity (20/20). Waiting up to 4.9s for available connection...
2026-02-25 02:14:18,349 INFO app.server: [req-1740451458348] POST /api/orders from 10.0.24.207
2026-02-25 02:14:23,251 ERROR app.database: Connection pool exhausted! active=20/20, waited=5.00s, timeout=5s
2026-02-25 02:14:23,252 ERROR app.server: [req-1740451458348] Connection pool exhausted: Could not acquire connection within 5s. Pool: 20/20 connections in use.
2026-02-25 02:14:23,253 INFO app.server: [req-1740451458348] Response: 503
2026-02-25 02:14:23,341 WARNING app.database: Connection pool at capacity (20/20). Waiting up to 4.9s for available connection...
2026-02-25 02:14:23,342 INFO app.server: [req-1740451463341] GET /health from 10.0.25.38
2026-02-25 02:14:28,244 ERROR app.database: Connection pool exhausted! active=20/20, waited=5.00s, timeout=5s
2026-02-25 02:14:28,245 ERROR app.server: [req-1740451463341] Connection pool exhausted: Could not acquire connection within 5s. Pool: 20/20 connections in use.
2026-02-25 02:14:28,246 ERROR app.server: [req-1740451463341] HEALTH CHECK FAILED
2026-02-25 02:14:28,247 INFO app.server: [req-1740451463341] Response: 503
2026-02-25 02:14:28,335 WARNING app.database: Connection pool at capacity (20/20). Waiting up to 4.9s for available connection...
2026-02-25 02:14:28,336 INFO app.server: [req-1740451468335] GET /api/orders from 10.0.26.150
2026-02-25 02:14:33,238 ERROR app.database: Connection pool exhausted! active=20/20, waited=5.00s, timeout=5s
2026-02-25 02:14:33,239 ERROR app.server: [req-1740451468335] Connection pool exhausted: Could not acquire connection within 5s. Pool: 20/20 connections in use.
2026-02-25 02:14:33,240 INFO app.server: [req-1740451468335] Response: 503
2026-02-25 02:14:33,328 WARNING app.database: Connection pool at capacity (20/20). Waiting up to 4.9s for available connection...
2026-02-25 02:14:33,329 INFO app.server: [req-1740451473328] GET /api/orders/33 from 10.0.27.62
2026-02-25 02:14:38,231 ERROR app.database: Connection pool exhausted! active=20/20, waited=5.00s, timeout=5s
2026-02-25 02:14:38,232 ERROR app.server: [req-1740451473328] Connection pool exhausted: Could not acquire connection within 5s. Pool: 20/20 connections in use.
2026-02-25 02:14:38,233 INFO app.server: [req-1740451473328] Response: 503
2026-02-25 02:14:38,321 WARNING app.database: Connection pool at capacity (20/20). Waiting up to 4.9s for available connection...
2026-02-25 02:14:38,322 INFO app.server: [req-1740451478321] POST /api/orders from 10.0.28.175
2026-02-25 02:14:43,224 ERROR app.database: Connection pool exhausted! active=20/20, waited=5.00s, timeout=5s
2026-02-25 02:14:43,225 ERROR app.server: [req-1740451478321] Connection pool exhausted: Could not acquire connection within 5s. Pool: 20/20 connections in use.
2026-02-25 02:14:43,226 INFO app.server: [req-1740451478321] Response: 503
2026-02-25 02:14:43,314 WARNING app.database: Connection pool at capacity (20/20). Waiting up to 4.9s for available connection...
2026-02-25 02:14:43,315 INFO app.server: [req-1740451483314] GET /health from 10.0.29.8
2026-02-25 02:14:48,217 ERROR app.database: Connection pool exhausted! active=20/20, waited=5.00s, timeout=5s
2026-02-25 02:14:48,218 ERROR app.server: [req-1740451483314] Connection pool exhausted: Could not acquire connection within 5s. Pool: 20/20 connections in use.
2026-02-25 02:14:48,219 ERROR app.server: [req-1740451483314] HEALTH CHECK FAILED
2026-02-25 02:14:48,220 INFO app.server: [req-1740451483314] Response: 503
2026-02-25 02:14:48,308 WARNING app.database: Connection pool at capacity (20/20). Waiting up to 4.9s for available connection...
2026-02-25 02:14:48,309 INFO app.server: [req-1740451488308] GET /api/orders from 10.0.30.121
2026-02-25 02:14:53,211 ERROR app.database: Connection pool exhausted! active=20/20, waited=5.00s, timeout=5s
2026-02-25 02:14:53,212 ERROR app.server: [req-1740451488308] Connection pool exhausted: Could not acquire connection within 5s. Pool: 20/20 connections in use.
2026-02-25 02:14:53,213 INFO app.server: [req-1740451488308] Response: 503
2026-02-25 02:14:53,301 WARNING app.database: Connection pool at capacity (20/20). Waiting up to 4.9s for available connection...
2026-02-25 02:14:53,302 INFO app.server: [req-1740451493301] POST /api/orders from 10.0.31.245
2026-02-25 02:14:58,204 ERROR app.database: Connection pool exhausted! active=20/20, waited=5.00s, timeout=5s
2026-02-25 02:14:58,205 ERROR app.server: [req-1740451493301] Connection pool exhausted: Could not acquire connection within 5s. Pool: 20/20 connections in use.
2026-02-25 02:14:58,206 INFO app.server: [req-1740451493301] Response: 503
2026-02-25 02:14:58,294 WARNING app.database: Connection pool at capacity (20/20). Waiting up to 4.9s for available connection...
2026-02-25 02:14:58,295 INFO app.server: [req-1740451498294] GET /api/orders/88 from 10.0.32.56
2026-02-25 02:15:03,197 ERROR app.database: Connection pool exhausted! active=20/20, waited=5.00s, timeout=5s
2026-02-25 02:15:03,198 ERROR app.server: [req-1740451498294] Connection pool exhausted: Could not acquire connection within 5s. Pool: 20/20 connections in use.
2026-02-25 02:15:03,199 INFO app.server: [req-1740451498294] Response: 503
2026-02-25 02:15:03,287 WARNING app.database: Connection pool at capacity (20/20). Waiting up to 4.9s for available connection...
2026-02-25 02:15:03,288 INFO app.server: [req-1740451503287] GET /health from 10.0.33.169
2026-02-25 02:15:08,190 ERROR app.database: Connection pool exhausted! active=20/20, waited=5.00s, timeout=5s
2026-02-25 02:15:08,191 ERROR app.server: [req-1740451503287] Connection pool exhausted: Could not acquire connection within 5s. Pool: 20/20 connections in use.
2026-02-25 02:15:08,192 ERROR app.server: [req-1740451503287] HEALTH CHECK FAILED
2026-02-25 02:15:08,193 INFO app.server: [req-1740451503287] Response: 503
2026-02-25 02:15:08,194 CRITICAL app.server: === ALERT: Health check has failed 3 consecutive times ===
2026-02-25 02:15:08,195 CRITICAL app.server: === PagerDuty incident triggered: INC-20260225-001 ===
2026-02-25 02:15:08,196 CRITICAL app.server: Pool stats: {'total_created': 20, 'active_connections': 20, 'pool_size': 0, 'max_size': 20, 'available': 0}
2026-02-25 02:15:08,281 WARNING app.database: Connection pool at capacity (20/20). Waiting up to 4.9s for available connection...
2026-02-25 02:15:08,282 INFO app.server: [req-1740451508281] GET /api/orders from 10.0.34.83
2026-02-25 02:15:13,184 ERROR app.database: Connection pool exhausted! active=20/20, waited=5.00s, timeout=5s
2026-02-25 02:15:13,185 ERROR app.server: [req-1740451508281] Connection pool exhausted: Could not acquire connection within 5s. Pool: 20/20 connections in use.
2026-02-25 02:15:13,186 INFO app.server: [req-1740451508281] Response: 503
2026-02-25 02:15:13,274 WARNING app.database: Connection pool at capacity (20/20). Waiting up to 4.9s for available connection...
2026-02-25 02:15:13,275 INFO app.server: [req-1740451513274] GET /api/orders/12 from 10.0.35.197
2026-02-25 02:15:18,177 ERROR app.database: Connection pool exhausted! active=20/20, waited=5.00s, timeout=5s
2026-02-25 02:15:18,178 ERROR app.server: [req-1740451513274] Connection pool exhausted: Could not acquire connection within 5s. Pool: 20/20 connections in use.
2026-02-25 02:15:18,179 INFO app.server: [req-1740451513274] Response: 503
2026-02-25 02:15:18,267 WARNING app.database: Connection pool at capacity (20/20). Waiting up to 4.9s for available connection...
2026-02-25 02:15:18,268 INFO app.server: [req-1740451518267] POST /api/orders from 10.0.36.14
2026-02-25 02:15:23,170 ERROR app.database: Connection pool exhausted! active=20/20, waited=5.00s, timeout=5s
2026-02-25 02:15:23,171 ERROR app.server: [req-1740451518267] Connection pool exhausted: Could not acquire connection within 5s. Pool: 20/20 connections in use.
2026-02-25 02:15:23,172 INFO app.server: [req-1740451518267] Response: 503
2026-02-25 02:15:23,260 WARNING app.database: Connection pool at capacity (20/20). Waiting up to 4.9s for available connection...
2026-02-25 02:15:23,261 INFO app.server: [req-1740451523260] GET /health from 10.0.37.128
2026-02-25 02:15:28,163 ERROR app.database: Connection pool exhausted! active=20/20, waited=5.00s, timeout=5s
2026-02-25 02:15:28,164 ERROR app.server: [req-1740451523260] Connection pool exhausted: Could not acquire connection within 5s. Pool: 20/20 connections in use.
2026-02-25 02:15:28,165 ERROR app.server: [req-1740451523260] HEALTH CHECK FAILED
2026-02-25 02:15:28,166 INFO app.server: [req-1740451523260] Response: 503
2026-02-25 02:15:28,254 WARNING app.database: Connection pool at capacity (20/20). Waiting up to 4.9s for available connection...
2026-02-25 02:15:28,255 INFO app.server: [req-1740451528254] GET /api/orders from 10.0.38.41
2026-02-25 02:15:33,157 ERROR app.database: Connection pool exhausted! active=20/20, waited=5.00s, timeout=5s
2026-02-25 02:15:33,158 ERROR app.server: [req-1740451528254] Connection pool exhausted: Could not acquire connection within 5s. Pool: 20/20 connections in use.
2026-02-25 02:15:33,159 INFO app.server: [req-1740451528254] Response: 503
2026-02-25 02:15:33,247 WARNING app.database: Connection pool at capacity (20/20). Waiting up to 4.9s for available connection...
2026-02-25 02:15:33,248 INFO app.server: [req-1740451533247] GET /api/orders/67 from 10.0.39.222
2026-02-25 02:15:38,150 ERROR app.database: Connection pool exhausted! active=20/20, waited=5.00s, timeout=5s
2026-02-25 02:15:38,151 ERROR app.server: [req-1740451533247] Connection pool exhausted: Could not acquire connection within 5s. Pool: 20/20 connections in use.
2026-02-25 02:15:38,152 INFO app.server: [req-1740451533247] Response: 503
2026-02-25 02:15:38,153 ERROR app.server: Traceback (most recent call last):
2026-02-25 02:15:38,154 ERROR app.server:   File "/app/server.py", line 87, in handle_request
2026-02-25 02:15:38,155 ERROR app.server:     conn = db_pool.get_connection()
2026-02-25 02:15:38,156 ERROR app.server:   File "/app/database.py", line 119, in get_connection
2026-02-25 02:15:38,157 ERROR app.server:     raise ConnectionPoolExhausted(
2026-02-25 02:15:38,158 ERROR app.server: app.database.ConnectionPoolExhausted: Could not acquire connection within 5s. Pool: 20/20 connections in use.
2026-02-25 02:15:38,246 WARNING app.database: Connection pool at capacity (20/20). Waiting up to 4.9s for available connection...
2026-02-25 02:15:38,247 INFO app.server: [req-1740451538246] POST /api/orders from 10.0.40.135
2026-02-25 02:15:43,149 ERROR app.database: Connection pool exhausted! active=20/20, waited=5.00s, timeout=5s
2026-02-25 02:15:43,150 ERROR app.server: [req-1740451538246] Connection pool exhausted: Could not acquire connection within 5s. Pool: 20/20 connections in use.
2026-02-25 02:15:43,151 INFO app.server: [req-1740451538246] Response: 503
2026-02-25 02:15:43,239 WARNING app.database: Connection pool at capacity (20/20). Waiting up to 4.9s for available connection...
2026-02-25 02:15:43,240 INFO app.server: [req-1740451543239] GET /health from 10.0.41.70
2026-02-25 02:15:48,142 ERROR app.database: Connection pool exhausted! active=20/20, waited=5.00s, timeout=5s
2026-02-25 02:15:48,143 ERROR app.server: [req-1740451543239] Connection pool exhausted: Could not acquire connection within 5s. Pool: 20/20 connections in use.
2026-02-25 02:15:48,144 ERROR app.server: [req-1740451543239] HEALTH CHECK FAILED
2026-02-25 02:15:48,145 INFO app.server: [req-1740451543239] Response: 503
2026-02-25 02:15:48,233 WARNING app.database: Connection pool at capacity (20/20). Waiting up to 4.9s for available connection...
2026-02-25 02:15:48,234 INFO app.server: [req-1740451548233] GET /api/orders from 10.0.42.188
2026-02-25 02:15:53,136 ERROR app.database: Connection pool exhausted! active=20/20, waited=5.00s, timeout=5s
2026-02-25 02:15:53,137 ERROR app.server: [req-1740451548233] Connection pool exhausted: Could not acquire connection within 5s. Pool: 20/20 connections in use.
2026-02-25 02:15:53,138 INFO app.server: [req-1740451548233] Response: 503
2026-02-25 02:15:53,226 WARNING app.database: Connection pool at capacity (20/20). Waiting up to 4.9s for available connection...
2026-02-25 02:15:53,227 INFO app.server: [req-1740451553226] GET /api/orders/5 from 10.0.43.103
2026-02-25 02:15:58,129 ERROR app.database: Connection pool exhausted! active=20/20, waited=5.00s, timeout=5s
2026-02-25 02:15:58,130 ERROR app.server: [req-1740451553226] Connection pool exhausted: Could not acquire connection within 5s. Pool: 20/20 connections in use.
2026-02-25 02:15:58,131 INFO app.server: [req-1740451553226] Response: 503
2026-02-25 02:15:58,219 WARNING app.database: Connection pool at capacity (20/20). Waiting up to 4.9s for available connection...
2026-02-25 02:15:58,220 INFO app.server: [req-1740451558219] POST /api/orders from 10.0.44.240
2026-02-25 02:16:03,122 ERROR app.database: Connection pool exhausted! active=20/20, waited=5.00s, timeout=5s
2026-02-25 02:16:03,123 ERROR app.server: [req-1740451558219] Connection pool exhausted: Could not acquire connection within 5s. Pool: 20/20 connections in use.
2026-02-25 02:16:03,124 INFO app.server: [req-1740451558219] Response: 503
2026-02-25 02:16:03,125 ERROR app.server: Traceback (most recent call last):
2026-02-25 02:16:03,126 ERROR app.server:   File "/app/server.py", line 87, in handle_request
2026-02-25 02:16:03,127 ERROR app.server:     conn = db_pool.get_connection()
2026-02-25 02:16:03,128 ERROR app.server:   File "/app/database.py", line 119, in get_connection
2026-02-25 02:16:03,129 ERROR app.server:     raise ConnectionPoolExhausted(
2026-02-25 02:16:03,130 ERROR app.server: app.database.ConnectionPoolExhausted: Could not acquire connection within 5s. Pool: 20/20 connections in use.
2026-02-25 02:16:03,218 WARNING app.database: Connection pool at capacity (20/20). Waiting up to 4.9s for available connection...
2026-02-25 02:16:03,219 INFO app.server: [req-1740451563218] GET /health from 10.0.45.17
2026-02-25 02:16:08,121 ERROR app.database: Connection pool exhausted! active=20/20, waited=5.00s, timeout=5s
2026-02-25 02:16:08,122 ERROR app.server: [req-1740451563218] Connection pool exhausted: Could not acquire connection within 5s. Pool: 20/20 connections in use.
2026-02-25 02:16:08,123 ERROR app.server: [req-1740451563218] HEALTH CHECK FAILED
2026-02-25 02:16:08,124 INFO app.server: [req-1740451563218] Response: 503
2026-02-25 02:16:08,125 CRITICAL app.server: === ALERT: Health check has failed 6 consecutive times ===
2026-02-25 02:16:08,126 CRITICAL app.server: === System is DOWN. All 20 connections in use, 0 available ===
2026-02-25 02:16:08,127 CRITICAL app.server: === On-call engineer paged: SEV-1 incident ===
2026-02-25 02:16:08,215 WARNING app.database: Connection pool at capacity (20/20). Waiting up to 4.9s for available connection...
2026-02-25 02:16:08,216 INFO app.server: [req-1740451568215] GET /api/orders from 10.0.46.159
2026-02-25 02:16:13,118 ERROR app.database: Connection pool exhausted! active=20/20, waited=5.00s, timeout=5s
2026-02-25 02:16:13,119 ERROR app.server: [req-1740451568215] Connection pool exhausted: Could not acquire connection within 5s. Pool: 20/20 connections in use.
2026-02-25 02:16:13,120 INFO app.server: [req-1740451568215] Response: 503
2026-02-25 02:16:13,208 WARNING app.database: Connection pool at capacity (20/20). Waiting up to 4.9s for available connection...
2026-02-25 02:16:13,209 INFO app.server: [req-1740451573208] GET /api/orders/44 from 10.0.47.73
2026-02-25 02:16:18,111 ERROR app.database: Connection pool exhausted! active=20/20, waited=5.00s, timeout=5s
2026-02-25 02:16:18,112 ERROR app.server: [req-1740451573208] Connection pool exhausted: Could not acquire connection within 5s. Pool: 20/20 connections in use.
2026-02-25 02:16:18,113 INFO app.server: [req-1740451573208] Response: 503
2026-02-25 02:16:18,201 WARNING app.database: Connection pool at capacity (20/20). Waiting up to 4.9s for available connection...
2026-02-25 02:16:18,202 INFO app.server: [req-1740451578201] POST /api/orders from 10.0.48.186
2026-02-25 02:16:23,104 ERROR app.database: Connection pool exhausted! active=20/20, waited=5.00s, timeout=5s
2026-02-25 02:16:23,105 ERROR app.server: [req-1740451578201] Connection pool exhausted: Could not acquire connection within 5s. Pool: 20/20 connections in use.
2026-02-25 02:16:23,106 INFO app.server: [req-1740451578201] Response: 503
2026-02-25 02:16:23,194 WARNING app.database: Connection pool at capacity (20/20). Waiting up to 4.9s for available connection...
2026-02-25 02:16:23,195 INFO app.server: [req-1740451583194] GET /health from 10.0.49.100
2026-02-25 02:16:28,097 ERROR app.database: Connection pool exhausted! active=20/20, waited=5.00s, timeout=5s
2026-02-25 02:16:28,098 ERROR app.server: [req-1740451583194] Connection pool exhausted: Could not acquire connection within 5s. Pool: 20/20 connections in use.
2026-02-25 02:16:28,099 ERROR app.server: [req-1740451583194] HEALTH CHECK FAILED
2026-02-25 02:16:28,100 INFO app.server: [req-1740451583194] Response: 503
2026-02-25 02:16:28,188 WARNING app.database: Connection pool at capacity (20/20). Waiting up to 4.9s for available connection...
2026-02-25 02:16:28,189 INFO app.server: [req-1740451588188] GET /api/orders from 10.0.50.215
2026-02-25 02:16:33,091 ERROR app.database: Connection pool exhausted! active=20/20, waited=5.00s, timeout=5s
2026-02-25 02:16:33,092 ERROR app.server: [req-1740451588188] Connection pool exhausted: Could not acquire connection within 5s. Pool: 20/20 connections in use.
2026-02-25 02:16:33,093 INFO app.server: [req-1740451588188] Response: 503
2026-02-25 02:16:33,181 WARNING app.database: Connection pool at capacity (20/20). Waiting up to 4.9s for available connection...
2026-02-25 02:16:33,182 INFO app.server: [req-1740451593181] GET /api/orders/76 from 10.0.51.30
2026-02-25 02:16:38,084 ERROR app.database: Connection pool exhausted! active=20/20, waited=5.00s, timeout=5s
2026-02-25 02:16:38,085 ERROR app.server: [req-1740451593181] Connection pool exhausted: Could not acquire connection within 5s. Pool: 20/20 connections in use.
2026-02-25 02:16:38,086 INFO app.server: [req-1740451593181] Response: 503
2026-02-25 02:16:38,087 ERROR app.server: Traceback (most recent call last):
2026-02-25 02:16:38,088 ERROR app.server:   File "/app/server.py", line 87, in handle_request
2026-02-25 02:16:38,089 ERROR app.server:     conn = db_pool.get_connection()
2026-02-25 02:16:38,090 ERROR app.server:   File "/app/database.py", line 119, in get_connection
2026-02-25 02:16:38,091 ERROR app.server:     raise ConnectionPoolExhausted(
2026-02-25 02:16:38,092 ERROR app.server: app.database.ConnectionPoolExhausted: Could not acquire connection within 5s. Pool: 20/20 connections in use.
2026-02-25 02:16:38,180 WARNING app.database: Connection pool at capacity (20/20). Waiting up to 4.9s for available connection...
2026-02-25 02:16:38,181 INFO app.server: [req-1740451598180] POST /api/orders from 10.0.52.143
2026-02-25 02:16:43,083 ERROR app.database: Connection pool exhausted! active=20/20, waited=5.00s, timeout=5s
2026-02-25 02:16:43,084 ERROR app.server: [req-1740451598180] Connection pool exhausted: Could not acquire connection within 5s. Pool: 20/20 connections in use.
2026-02-25 02:16:43,085 INFO app.server: [req-1740451598180] Response: 503
2026-02-25 02:16:43,173 WARNING app.database: Connection pool at capacity (20/20). Waiting up to 4.9s for available connection...
2026-02-25 02:16:43,174 INFO app.server: [req-1740451603173] GET /health from 10.0.53.58
2026-02-25 02:16:48,076 ERROR app.database: Connection pool exhausted! active=20/20, waited=5.00s, timeout=5s
2026-02-25 02:16:48,077 ERROR app.server: [req-1740451603173] Connection pool exhausted: Could not acquire connection within 5s. Pool: 20/20 connections in use.
2026-02-25 02:16:48,078 ERROR app.server: [req-1740451603173] HEALTH CHECK FAILED
2026-02-25 02:16:48,079 INFO app.server: [req-1740451603173] Response: 503
2026-02-25 02:16:48,167 WARNING app.database: Connection pool at capacity (20/20). Waiting up to 4.9s for available connection...
2026-02-25 02:16:48,168 INFO app.server: [req-1740451608167] GET /api/orders from 10.0.54.171
2026-02-25 02:16:53,070 ERROR app.database: Connection pool exhausted! active=20/20, waited=5.00s, timeout=5s
2026-02-25 02:16:53,071 ERROR app.server: [req-1740451608167] Connection pool exhausted: Could not acquire connection within 5s. Pool: 20/20 connections in use.
2026-02-25 02:16:53,072 INFO app.server: [req-1740451608167] Response: 503
2026-02-25 02:16:53,160 WARNING app.database: Connection pool at capacity (20/20). Waiting up to 4.9s for available connection...
2026-02-25 02:16:53,161 INFO app.server: [req-1740451613160] GET /api/orders/91 from 10.0.55.84
2026-02-25 02:16:58,063 ERROR app.database: Connection pool exhausted! active=20/20, waited=5.00s, timeout=5s
2026-02-25 02:16:58,064 ERROR app.server: [req-1740451613160] Connection pool exhausted: Could not acquire connection within 5s. Pool: 20/20 connections in use.
2026-02-25 02:16:58,065 INFO app.server: [req-1740451613160] Response: 503
2026-02-25 02:16:58,153 WARNING app.database: Connection pool at capacity (20/20). Waiting up to 4.9s for available connection...
2026-02-25 02:16:58,154 INFO app.server: [req-1740451618153] POST /api/orders from 10.0.56.196
2026-02-25 02:17:03,056 ERROR app.database: Connection pool exhausted! active=20/20, waited=5.00s, timeout=5s
2026-02-25 02:17:03,057 ERROR app.server: [req-1740451618153] Connection pool exhausted: Could not acquire connection within 5s. Pool: 20/20 connections in use.
2026-02-25 02:17:03,058 INFO app.server: [req-1740451618153] Response: 503
2026-02-25 02:17:03,146 WARNING app.database: Connection pool at capacity (20/20). Waiting up to 4.9s for available connection...
2026-02-25 02:17:03,147 INFO app.server: [req-1740451623146] GET /health from 10.0.57.11
2026-02-25 02:17:08,049 ERROR app.database: Connection pool exhausted! active=20/20, waited=5.00s, timeout=5s
2026-02-25 02:17:08,050 ERROR app.server: [req-1740451623146] Connection pool exhausted: Could not acquire connection within 5s. Pool: 20/20 connections in use.
2026-02-25 02:17:08,051 ERROR app.server: [req-1740451623146] HEALTH CHECK FAILED
2026-02-25 02:17:08,052 INFO app.server: [req-1740451623146] Response: 503
2026-02-25 02:17:08,053 CRITICAL app.server: === ALERT: Health check has failed 9 consecutive times ===
2026-02-25 02:17:08,054 CRITICAL app.server: === Connection leak detected: 20 connections acquired, 0 released ===
2026-02-25 02:17:08,055 CRITICAL app.server: === Server is unrecoverable without restart or fix ===
2026-02-25 02:17:08,056 CRITICAL app.server: Pool stats: {'total_created': 20, 'active_connections': 20, 'pool_size': 0, 'max_size': 20, 'available': 0}
2026-02-25 02:17:08,144 WARNING app.database: Connection pool at capacity (20/20). Waiting up to 4.9s for available connection...
2026-02-25 02:17:08,145 INFO app.server: [req-1740451628144] GET /api/orders from 10.0.58.124
2026-02-25 02:17:13,047 ERROR app.database: Connection pool exhausted! active=20/20, waited=5.00s, timeout=5s
2026-02-25 02:17:13,048 ERROR app.server: [req-1740451628144] Connection pool exhausted: Could not acquire connection within 5s. Pool: 20/20 connections in use.
2026-02-25 02:17:13,049 INFO app.server: [req-1740451628144] Response: 503
2026-02-25 02:17:13,137 WARNING app.database: Connection pool at capacity (20/20). Waiting up to 4.9s for available connection...
2026-02-25 02:17:13,138 INFO app.server: [req-1740451633137] GET /api/orders/19 from 10.0.59.237
2026-02-25 02:17:18,040 ERROR app.database: Connection pool exhausted! active=20/20, waited=5.00s, timeout=5s
2026-02-25 02:17:18,041 ERROR app.server: [req-1740451633137] Connection pool exhausted: Could not acquire connection within 5s. Pool: 20/20 connections in use.
2026-02-25 02:17:18,042 INFO app.server: [req-1740451633137] Response: 503
2026-02-25 02:17:18,130 WARNING app.database: Connection pool at capacity (20/20). Waiting up to 4.9s for available connection...
2026-02-25 02:17:18,131 INFO app.server: [req-1740451638130] POST /api/orders from 10.0.60.52
2026-02-25 02:17:23,033 ERROR app.database: Connection pool exhausted! active=20/20, waited=5.00s, timeout=5s
2026-02-25 02:17:23,034 ERROR app.server: [req-1740451638130] Connection pool exhausted: Could not acquire connection within 5s. Pool: 20/20 connections in use.
2026-02-25 02:17:23,035 INFO app.server: [req-1740451638130] Response: 503
2026-02-25 02:17:23,123 WARNING app.database: Connection pool at capacity (20/20). Waiting up to 4.9s for available connection...
2026-02-25 02:17:23,124 INFO app.server: [req-1740451643123] GET /health from 10.0.61.165
2026-02-25 02:17:28,026 ERROR app.database: Connection pool exhausted! active=20/20, waited=5.00s, timeout=5s
2026-02-25 02:17:28,027 ERROR app.server: [req-1740451643123] Connection pool exhausted: Could not acquire connection within 5s. Pool: 20/20 connections in use.
2026-02-25 02:17:28,028 ERROR app.server: [req-1740451643123] HEALTH CHECK FAILED
2026-02-25 02:17:28,029 INFO app.server: [req-1740451643123] Response: 503
2026-02-25 02:17:28,117 WARNING app.database: Connection pool at capacity (20/20). Waiting up to 4.9s for available connection...
2026-02-25 02:17:28,118 INFO app.server: [req-1740451648117] GET /api/orders from 10.0.62.78
2026-02-25 02:17:33,020 ERROR app.database: Connection pool exhausted! active=20/20, waited=5.00s, timeout=5s
2026-02-25 02:17:33,021 ERROR app.server: [req-1740451648117] Connection pool exhausted: Could not acquire connection within 5s. Pool: 20/20 connections in use.
2026-02-25 02:17:33,022 INFO app.server: [req-1740451648117] Response: 503
2026-02-25 02:17:33,110 WARNING app.database: Connection pool at capacity (20/20). Waiting up to 4.9s for available connection...
2026-02-25 02:17:33,111 INFO app.server: [req-1740451653110] GET /api/orders/58 from 10.0.63.191
2026-02-25 02:17:38,013 ERROR app.database: Connection pool exhausted! active=20/20, waited=5.00s, timeout=5s
2026-02-25 02:17:38,014 ERROR app.server: [req-1740451653110] Connection pool exhausted: Could not acquire connection within 5s. Pool: 20/20 connections in use.
2026-02-25 02:17:38,015 INFO app.server: [req-1740451653110] Response: 503
2026-02-25 02:17:38,016 ERROR app.server: Traceback (most recent call last):
2026-02-25 02:17:38,017 ERROR app.server:   File "/app/server.py", line 87, in handle_request
2026-02-25 02:17:38,018 ERROR app.server:     conn = db_pool.get_connection()
2026-02-25 02:17:38,019 ERROR app.server:   File "/app/database.py", line 119, in get_connection
2026-02-25 02:17:38,020 ERROR app.server:     raise ConnectionPoolExhausted(
2026-02-25 02:17:38,021 ERROR app.server: app.database.ConnectionPoolExhausted: Could not acquire connection within 5s. Pool: 20/20 connections in use.
2026-02-25 02:17:38,109 WARNING app.database: Connection pool at capacity (20/20). Waiting up to 4.9s for available connection...
2026-02-25 02:17:38,110 INFO app.server: [req-1740451658109] POST /api/orders from 10.0.64.105
2026-02-25 02:17:43,012 ERROR app.database: Connection pool exhausted! active=20/20, waited=5.00s, timeout=5s
2026-02-25 02:17:43,013 ERROR app.server: [req-1740451658109] Connection pool exhausted: Could not acquire connection within 5s. Pool: 20/20 connections in use.
2026-02-25 02:17:43,014 INFO app.server: [req-1740451658109] Response: 503
2026-02-25 02:17:43,102 WARNING app.database: Connection pool at capacity (20/20). Waiting up to 4.9s for available connection...
2026-02-25 02:17:43,103 INFO app.server: [req-1740451663102] GET /health from 10.0.65.218
2026-02-25 02:17:48,005 ERROR app.database: Connection pool exhausted! active=20/20, waited=5.00s, timeout=5s
2026-02-25 02:17:48,006 ERROR app.server: [req-1740451663102] Connection pool exhausted: Could not acquire connection within 5s. Pool: 20/20 connections in use.
2026-02-25 02:17:48,007 ERROR app.server: [req-1740451663102] HEALTH CHECK FAILED
2026-02-25 02:17:48,008 INFO app.server: [req-1740451663102] Response: 503
2026-02-25 02:17:48,009 CRITICAL app.server: === ALERT: Health check has failed 12 consecutive times ===
2026-02-25 02:17:48,010 CRITICAL app.server: === Automatic restart attempted but pool still exhausted ===
2026-02-25 02:17:48,011 CRITICAL app.server: === Root cause appears to be connection leak in request handler ===
2026-02-25 02:17:48,012 CRITICAL app.server: Pool stats: {'total_created': 20, 'active_connections': 20, 'pool_size': 0, 'max_size': 20, 'available': 0}
2026-02-25 02:17:48,100 WARNING app.database: Connection pool at capacity (20/20). Waiting up to 4.9s for available connection...
2026-02-25 02:17:48,101 INFO app.server: [req-1740451668100] GET /api/orders from 10.0.66.33
2026-02-25 02:17:53,003 ERROR app.database: Connection pool exhausted! active=20/20, waited=5.00s, timeout=5s
2026-02-25 02:17:53,004 ERROR app.server: [req-1740451668100] Connection pool exhausted: Could not acquire connection within 5s. Pool: 20/20 connections in use.
2026-02-25 02:17:53,005 INFO app.server: [req-1740451668100] Response: 503
2026-02-25 02:17:53,093 WARNING app.database: Connection pool at capacity (20/20). Waiting up to 4.9s for available connection...
2026-02-25 02:17:53,094 INFO app.server: [req-1740451673093] POST /api/orders from 10.0.67.146
2026-02-25 02:17:58,006 ERROR app.database: Connection pool exhausted! active=20/20, waited=5.00s, timeout=5s
2026-02-25 02:17:58,007 ERROR app.server: [req-1740451673093] Connection pool exhausted: Could not acquire connection within 5s. Pool: 20/20 connections in use.
2026-02-25 02:17:58,008 INFO app.server: [req-1740451673093] Response: 503
2026-02-25 02:17:58,096 WARNING app.database: Connection pool at capacity (20/20). Waiting up to 4.9s for available connection...
2026-02-25 02:17:58,097 INFO app.server: [req-1740451678096] GET /api/orders/27 from 10.0.68.59
2026-02-25 02:18:02,999 ERROR app.database: Connection pool exhausted! active=20/20, waited=5.00s, timeout=5s
2026-02-25 02:18:03,000 ERROR app.server: [req-1740451678096] Connection pool exhausted: Could not acquire connection within 5s. Pool: 20/20 connections in use.
2026-02-25 02:18:03,001 INFO app.server: [req-1740451678096] Response: 503
2026-02-25 02:18:03,089 WARNING app.database: Connection pool at capacity (20/20). Waiting up to 4.9s for available connection...
2026-02-25 02:18:03,090 INFO app.server: [req-1740451683089] GET /health from 10.0.69.172
2026-02-25 02:18:07,992 ERROR app.database: Connection pool exhausted! active=20/20, waited=5.00s, timeout=5s
2026-02-25 02:18:07,993 ERROR app.server: [req-1740451683089] Connection pool exhausted: Could not acquire connection within 5s. Pool: 20/20 connections in use.
2026-02-25 02:18:07,994 ERROR app.server: [req-1740451683089] HEALTH CHECK FAILED
2026-02-25 02:18:07,995 INFO app.server: [req-1740451683089] Response: 503
2026-02-25 02:18:08,083 WARNING app.database: Connection pool at capacity (20/20). Waiting up to 4.9s for available connection...
2026-02-25 02:18:08,084 INFO app.server: [req-1740451688083] GET /api/orders from 10.0.70.85
2026-02-25 02:18:12,986 ERROR app.database: Connection pool exhausted! active=20/20, waited=5.00s, timeout=5s
2026-02-25 02:18:12,987 ERROR app.server: [req-1740451688083] Connection pool exhausted: Could not acquire connection within 5s. Pool: 20/20 connections in use.
2026-02-25 02:18:12,988 INFO app.server: [req-1740451688083] Response: 503
2026-02-25 02:18:13,076 WARNING app.database: Connection pool at capacity (20/20). Waiting up to 4.9s for available connection...
2026-02-25 02:18:13,077 INFO app.server: [req-1740451693076] GET /api/orders/73 from 10.0.71.198
2026-02-25 02:18:17,979 ERROR app.database: Connection pool exhausted! active=20/20, waited=5.00s, timeout=5s
2026-02-25 02:18:17,980 ERROR app.server: [req-1740451693076] Connection pool exhausted: Could not acquire connection within 5s. Pool: 20/20 connections in use.
2026-02-25 02:18:17,981 INFO app.server: [req-1740451693076] Response: 503
2026-02-25 02:18:17,982 ERROR app.server: Traceback (most recent call last):
2026-02-25 02:18:17,983 ERROR app.server:   File "/app/server.py", line 87, in handle_request
2026-02-25 02:18:17,984 ERROR app.server:     conn = db_pool.get_connection()
2026-02-25 02:18:17,985 ERROR app.server:   File "/app/database.py", line 119, in get_connection
2026-02-25 02:18:17,986 ERROR app.server:     raise ConnectionPoolExhausted(
2026-02-25 02:18:17,987 ERROR app.server: app.database.ConnectionPoolExhausted: Could not acquire connection within 5s. Pool: 20/20 connections in use.
2026-02-25 02:18:18,075 WARNING app.database: Connection pool at capacity (20/20). Waiting up to 4.9s for available connection...
2026-02-25 02:18:18,076 INFO app.server: [req-1740451698075] POST /api/orders from 10.0.72.111
2026-02-25 02:18:22,978 ERROR app.database: Connection pool exhausted! active=20/20, waited=5.00s, timeout=5s
2026-02-25 02:18:22,979 ERROR app.server: [req-1740451698075] Connection pool exhausted: Could not acquire connection within 5s. Pool: 20/20 connections in use.
2026-02-25 02:18:22,980 INFO app.server: [req-1740451698075] Response: 503
2026-02-25 02:18:23,068 WARNING app.database: Connection pool at capacity (20/20). Waiting up to 4.9s for available connection...
2026-02-25 02:18:23,069 INFO app.server: [req-1740451703068] GET /health from 10.0.73.24
2026-02-25 02:18:27,971 ERROR app.database: Connection pool exhausted! active=20/20, waited=5.00s, timeout=5s
2026-02-25 02:18:27,972 ERROR app.server: [req-1740451703068] Connection pool exhausted: Could not acquire connection within 5s. Pool: 20/20 connections in use.
2026-02-25 02:18:27,973 ERROR app.server: [req-1740451703068] HEALTH CHECK FAILED
2026-02-25 02:18:27,974 INFO app.server: [req-1740451703068] Response: 503
2026-02-25 02:18:27,975 CRITICAL app.server: === ALERT: Health check has failed 15 consecutive times ===
2026-02-25 02:18:27,976 CRITICAL app.server: === Automatic restart attempted but pool still exhausted ===
2026-02-25 02:18:27,977 CRITICAL app.server: Pool stats: {'total_created': 20, 'active_connections': 20, 'pool_size': 0, 'max_size': 20, 'available': 0}
2026-02-25 02:18:28,065 WARNING app.database: Connection pool at capacity (20/20). Waiting up to 4.9s for available connection...
2026-02-25 02:18:28,066 INFO app.server: [req-1740451708065] GET /api/orders from 10.0.74.137
2026-02-25 02:18:32,968 ERROR app.database: Connection pool exhausted! active=20/20, waited=5.00s, timeout=5s
2026-02-25 02:18:32,969 ERROR app.server: [req-1740451708065] Connection pool exhausted: Could not acquire connection within 5s. Pool: 20/20 connections in use.
2026-02-25 02:18:32,970 INFO app.server: [req-1740451708065] Response: 503
2026-02-25 02:18:33,058 WARNING app.database: Connection pool at capacity (20/20). Waiting up to 4.9s for available connection...
2026-02-25 02:18:33,059 INFO app.server: [req-1740451713058] GET /api/orders/36 from 10.0.75.250
2026-02-25 02:18:37,961 ERROR app.database: Connection pool exhausted! active=20/20, waited=5.00s, timeout=5s
2026-02-25 02:18:37,962 ERROR app.server: [req-1740451713058] Connection pool exhausted: Could not acquire connection within 5s. Pool: 20/20 connections in use.
2026-02-25 02:18:37,963 INFO app.server: [req-1740451713058] Response: 503
2026-02-25 02:18:38,051 WARNING app.database: Connection pool at capacity (20/20). Waiting up to 4.9s for available connection...
2026-02-25 02:18:38,052 INFO app.server: [req-1740451718051] POST /api/orders from 10.0.76.63
2026-02-25 02:18:42,954 ERROR app.database: Connection pool exhausted! active=20/20, waited=5.00s, timeout=5s
2026-02-25 02:18:42,955 ERROR app.server: [req-1740451718051] Connection pool exhausted: Could not acquire connection within 5s. Pool: 20/20 connections in use.
2026-02-25 02:18:42,956 INFO app.server: [req-1740451718051] Response: 503
2026-02-25 02:18:43,044 WARNING app.database: Connection pool at capacity (20/20). Waiting up to 4.9s for available connection...
2026-02-25 02:18:43,045 INFO app.server: [req-1740451723044] GET /health from 10.0.77.176
2026-02-25 02:18:47,947 ERROR app.database: Connection pool exhausted! active=20/20, waited=5.00s, timeout=5s
2026-02-25 02:18:47,948 ERROR app.server: [req-1740451723044] Connection pool exhausted: Could not acquire connection within 5s. Pool: 20/20 connections in use.
2026-02-25 02:18:47,949 ERROR app.server: [req-1740451723044] HEALTH CHECK FAILED
2026-02-25 02:18:47,950 INFO app.server: [req-1740451723044] Response: 503
2026-02-25 02:18:48,038 WARNING app.database: Connection pool at capacity (20/20). Waiting up to 4.9s for available connection...
2026-02-25 02:18:48,039 INFO app.server: [req-1740451728038] GET /api/orders from 10.0.78.89
2026-02-25 02:18:52,941 ERROR app.database: Connection pool exhausted! active=20/20, waited=5.00s, timeout=5s
2026-02-25 02:18:52,942 ERROR app.server: [req-1740451728038] Connection pool exhausted: Could not acquire connection within 5s. Pool: 20/20 connections in use.
2026-02-25 02:18:52,943 INFO app.server: [req-1740451728038] Response: 503
2026-02-25 02:18:53,031 WARNING app.database: Connection pool at capacity (20/20). Waiting up to 4.9s for available connection...
2026-02-25 02:18:53,032 INFO app.server: [req-1740451733031] GET /api/orders/82 from 10.0.79.202
2026-02-25 02:18:57,934 ERROR app.database: Connection pool exhausted! active=20/20, waited=5.00s, timeout=5s
2026-02-25 02:18:57,935 ERROR app.server: [req-1740451733031] Connection pool exhausted: Could not acquire connection within 5s. Pool: 20/20 connections in use.
2026-02-25 02:18:57,936 INFO app.server: [req-1740451733031] Response: 503
2026-02-25 02:18:57,937 ERROR app.server: Traceback (most recent call last):
2026-02-25 02:18:57,938 ERROR app.server:   File "/app/server.py", line 87, in handle_request
2026-02-25 02:18:57,939 ERROR app.server:     conn = db_pool.get_connection()
2026-02-25 02:18:57,940 ERROR app.server:   File "/app/database.py", line 119, in get_connection
2026-02-25 02:18:57,941 ERROR app.server:     raise ConnectionPoolExhausted(
2026-02-25 02:18:57,942 ERROR app.server: app.database.ConnectionPoolExhausted: Could not acquire connection within 5s. Pool: 20/20 connections in use.
2026-02-25 02:18:58,030 WARNING app.database: Connection pool at capacity (20/20). Waiting up to 4.9s for available connection...
2026-02-25 02:18:58,031 INFO app.server: [req-1740451738030] POST /api/orders from 10.0.80.15
2026-02-25 02:19:02,933 ERROR app.database: Connection pool exhausted! active=20/20, waited=5.00s, timeout=5s
2026-02-25 02:19:02,934 ERROR app.server: [req-1740451738030] Connection pool exhausted: Could not acquire connection within 5s. Pool: 20/20 connections in use.
2026-02-25 02:19:02,935 INFO app.server: [req-1740451738030] Response: 503
2026-02-25 02:19:03,023 WARNING app.database: Connection pool at capacity (20/20). Waiting up to 4.9s for available connection...
2026-02-25 02:19:03,024 INFO app.server: [req-1740451743023] GET /health from 10.0.81.128
2026-02-25 02:19:07,926 ERROR app.database: Connection pool exhausted! active=20/20, waited=5.00s, timeout=5s
2026-02-25 02:19:07,927 ERROR app.server: [req-1740451743023] Connection pool exhausted: Could not acquire connection within 5s. Pool: 20/20 connections in use.
2026-02-25 02:19:07,928 ERROR app.server: [req-1740451743023] HEALTH CHECK FAILED
2026-02-25 02:19:07,929 INFO app.server: [req-1740451743023] Response: 503
2026-02-25 02:19:07,930 CRITICAL app.server: === ALERT: Health check has failed 18 consecutive times ===
2026-02-25 02:19:07,931 CRITICAL app.server: === All remediation attempts failed ===
2026-02-25 02:19:07,932 CRITICAL app.server: === Connection leak confirmed: connections acquired but NEVER released ===
2026-02-25 02:19:07,933 CRITICAL app.server: Pool stats: {'total_created': 20, 'active_connections': 20, 'pool_size': 0, 'max_size': 20, 'available': 0}
2026-02-25 02:19:07,934 CRITICAL app.server: === Escalating to engineering. Server requires code fix. ===
2026-02-25 02:19:08,022 WARNING app.database: Connection pool at capacity (20/20). Waiting up to 4.9s for available connection...
2026-02-25 02:19:08,023 INFO app.server: [req-1740451748022] GET /api/orders from 10.0.82.241
2026-02-25 02:19:12,925 ERROR app.database: Connection pool exhausted! active=20/20, waited=5.00s, timeout=5s
2026-02-25 02:19:12,926 ERROR app.server: [req-1740451748022] Connection pool exhausted: Could not acquire connection within 5s. Pool: 20/20 connections in use.
2026-02-25 02:19:12,927 INFO app.server: [req-1740451748022] Response: 503
2026-02-25 02:19:13,015 WARNING app.database: Connection pool at capacity (20/20). Waiting up to 4.9s for available connection...
2026-02-25 02:19:13,016 INFO app.server: [req-1740451753015] GET /api/orders/11 from 10.0.83.54
2026-02-25 02:19:17,918 ERROR app.database: Connection pool exhausted! active=20/20, waited=5.00s, timeout=5s
2026-02-25 02:19:17,919 ERROR app.server: [req-1740451753015] Connection pool exhausted: Could not acquire connection within 5s. Pool: 20/20 connections in use.
2026-02-25 02:19:17,920 INFO app.server: [req-1740451753015] Response: 503
2026-02-25 02:19:18,008 WARNING app.database: Connection pool at capacity (20/20). Waiting up to 4.9s for available connection...
2026-02-25 02:19:18,009 INFO app.server: [req-1740451758008] POST /api/orders from 10.0.84.167
2026-02-25 02:19:22,911 ERROR app.database: Connection pool exhausted! active=20/20, waited=5.00s, timeout=5s
2026-02-25 02:19:22,912 ERROR app.server: [req-1740451758008] Connection pool exhausted: Could not acquire connection within 5s. Pool: 20/20 connections in use.
2026-02-25 02:19:22,913 INFO app.server: [req-1740451758008] Response: 503
2026-02-25 02:19:23,001 WARNING app.database: Connection pool at capacity (20/20). Waiting up to 4.9s for available connection...
2026-02-25 02:19:23,002 INFO app.server: [req-1740451763001] GET /health from 10.0.85.80
2026-02-25 02:19:27,904 ERROR app.database: Connection pool exhausted! active=20/20, waited=5.00s, timeout=5s
2026-02-25 02:19:27,905 ERROR app.server: [req-1740451763001] Connection pool exhausted: Could not acquire connection within 5s. Pool: 20/20 connections in use.
2026-02-25 02:19:27,906 ERROR app.server: [req-1740451763001] HEALTH CHECK FAILED
2026-02-25 02:19:27,907 INFO app.server: [req-1740451763001] Response: 503
2026-02-25 02:19:27,995 WARNING app.database: Connection pool at capacity (20/20). Waiting up to 4.9s for available connection...
2026-02-25 02:19:27,996 INFO app.server: [req-1740451767995] GET /api/orders from 10.0.86.193
2026-02-25 02:19:32,898 ERROR app.database: Connection pool exhausted! active=20/20, waited=5.00s, timeout=5s
2026-02-25 02:19:32,899 ERROR app.server: [req-1740451767995] Connection pool exhausted: Could not acquire connection within 5s. Pool: 20/20 connections in use.
2026-02-25 02:19:32,900 INFO app.server: [req-1740451767995] Response: 503
2026-02-25 02:19:32,988 WARNING app.database: Connection pool at capacity (20/20). Waiting up to 4.9s for available connection...
2026-02-25 02:19:32,989 INFO app.server: [req-1740451772988] GET /api/orders/48 from 10.0.87.6
2026-02-25 02:19:37,891 ERROR app.database: Connection pool exhausted! active=20/20, waited=5.00s, timeout=5s
2026-02-25 02:19:37,892 ERROR app.server: [req-1740451772988] Connection pool exhausted: Could not acquire connection within 5s. Pool: 20/20 connections in use.
2026-02-25 02:19:37,893 INFO app.server: [req-1740451772988] Response: 503
2026-02-25 02:19:37,981 WARNING app.database: Connection pool at capacity (20/20). Waiting up to 4.9s for available connection...
2026-02-25 02:19:37,982 INFO app.server: [req-1740451777981] POST /api/orders from 10.0.88.119
2026-02-25 02:19:42,884 ERROR app.database: Connection pool exhausted! active=20/20, waited=5.00s, timeout=5s
2026-02-25 02:19:42,885 ERROR app.server: [req-1740451777981] Connection pool exhausted: Could not acquire connection within 5s. Pool: 20/20 connections in use.
2026-02-25 02:19:42,886 INFO app.server: [req-1740451777981] Response: 503
2026-02-25 02:19:42,887 ERROR app.server: Traceback (most recent call last):
2026-02-25 02:19:42,888 ERROR app.server:   File "/app/server.py", line 87, in handle_request
2026-02-25 02:19:42,889 ERROR app.server:     conn = db_pool.get_connection()
2026-02-25 02:19:42,890 ERROR app.server:   File "/app/database.py", line 119, in get_connection
2026-02-25 02:19:42,891 ERROR app.server:     raise ConnectionPoolExhausted(
2026-02-25 02:19:42,892 ERROR app.server: app.database.ConnectionPoolExhausted: Could not acquire connection within 5s. Pool: 20/20 connections in use.
2026-02-25 02:19:42,980 WARNING app.database: Connection pool at capacity (20/20). Waiting up to 4.9s for available connection...
2026-02-25 02:19:42,981 INFO app.server: [req-1740451782980] GET /health from 10.0.89.232
2026-02-25 02:19:47,883 ERROR app.database: Connection pool exhausted! active=20/20, waited=5.00s, timeout=5s
2026-02-25 02:19:47,884 ERROR app.server: [req-1740451782980] Connection pool exhausted: Could not acquire connection within 5s. Pool: 20/20 connections in use.
2026-02-25 02:19:47,885 ERROR app.server: [req-1740451782980] HEALTH CHECK FAILED
2026-02-25 02:19:47,886 INFO app.server: [req-1740451782980] Response: 503
2026-02-25 02:19:47,887 CRITICAL app.server: === ALERT: Health check has failed 21 consecutive times ===
2026-02-25 02:19:47,888 CRITICAL app.server: === SERVER IS DOWN - SEV-1 INCIDENT INC-20260225-001 ===
2026-02-25 02:19:47,889 CRITICAL app.server: === Connection pool completely exhausted: 20/20 in use, 0 available ===
2026-02-25 02:19:47,890 CRITICAL app.server: === No connections have been returned to the pool since startup ===
2026-02-25 02:19:47,891 CRITICAL app.server: === Likely cause: missing release_connection() call in request handler ===
2026-02-25 02:19:47,892 CRITICAL app.server: Pool stats: {'total_created': 20, 'active_connections': 20, 'pool_size': 0, 'max_size': 20, 'available': 0}
2026-02-25 02:19:47,893 CRITICAL app.server: === Server shutting down. Manual intervention required. ===
